2025-01-13 14:16:05 - EVKeyboardSwitcher - DEBUG - Logger được khởi tạo ở chế độ DEBUG
2025-01-13 14:16:05 - EVKeyboardSwitcher - INFO - Khởi động chương trình...
2025-01-13 14:16:05 - EVKeyboardSwitcher - DEBUG - DEBUG mode: True
2025-01-13 14:16:05 - EVKeyboardSwitcher - DEBUG - Thư mục gốc: F:\Dropbox\dev\python\python-unikey-switcher
2025-01-13 14:16:05 - EVKeyboardSwitcher - DEBUG - Chuyển đến thư mục gốc: F:\Dropbox\dev\python\python-unikey-switcher
2025-01-13 14:16:05 - EVKeyboardSwitcher - DEBUG - File cây thư mục: .files-dir-tree.md
2025-01-13 14:16:05 - EVKeyboardSwitcher - DEBUG - Bắt đầu tạo nội dung cây thư mục
2025-01-13 14:16:05 - EVKeyboardSwitcher - DEBUG - Bắt đầu tạo cây thư mục từ: .
2025-01-13 14:16:05 - EVKeyboardSwitcher - DEBUG - Đường dẫn tuyệt đối: F:\Dropbox\dev\python\python-unikey-switcher
2025-01-13 14:16:05 - EVKeyboardSwitcher - DEBUG - Đã tìm thấy 30 mục
2025-01-13 14:16:05 - EVKeyboardSwitcher - DEBUG - Ghi nội dung vào file: F:\Dropbox\dev\python\python-unikey-switcher\.files-dir-tree.md
2025-01-13 14:16:05 - EVKeyboardSwitcher - INFO - Đã cập nhật file cấu trúc thư mục: F:\Dropbox\dev\python\python-unikey-switcher\.files-dir-tree.md
2025-01-13 14:16:05 - EVKeyboardSwitcher - INFO - Đã thiết lập keyboard handler thành công
2025-01-13 14:16:05 - EVKeyboardSwitcher - INFO - Đã tạo system tray icon thành công
2025-01-13 14:16:13 - EVKeyboardSwitcher - DEBUG - Phím được nhấn: right shift, Scan code: 54
2025-01-13 14:16:13 - EVKeyboardSwitcher - DEBUG - Đã phát hiện phím Right Shift được nhấn
2025-01-13 14:16:13 - EVKeyboardSwitcher - DEBUG - Đã cập nhật icon sang trạng thái: đang chuyển
2025-01-13 14:16:13 - EVKeyboardSwitcher - DEBUG - Bắt đầu chuyển ngôn ngữ
2025-01-13 14:16:13 - EVKeyboardSwitcher - DEBUG - Đã nhấn Control + Left Shift
2025-01-13 14:16:13 - EVKeyboardSwitcher - DEBUG - Đã chuyển ngôn ngữ thành công
2025-01-13 14:16:13 - EVKeyboardSwitcher - DEBUG - Phím được nhấn: right shift, Scan code: 54
2025-01-13 14:16:14 - EVKeyboardSwitcher - DEBUG - Đã cập nhật icon sang trạng thái: bình thường
2025-01-13 14:16:14 - EVKeyboardSwitcher - DEBUG - Đã thả phím Right Shift, reset trạng thái
2025-01-13 14:16:14 - EVKeyboardSwitcher - DEBUG - Phím được nhấn: right shift, Scan code: 54
2025-01-13 14:16:14 - EVKeyboardSwitcher - DEBUG - Đã phát hiện phím Right Shift được nhấn
2025-01-13 14:16:14 - EVKeyboardSwitcher - DEBUG - Đã cập nhật icon sang trạng thái: đang chuyển
2025-01-13 14:16:14 - EVKeyboardSwitcher - DEBUG - Bắt đầu chuyển ngôn ngữ
2025-01-13 14:16:14 - EVKeyboardSwitcher - DEBUG - Đã nhấn Control + Left Shift
2025-01-13 14:16:14 - EVKeyboardSwitcher - DEBUG - Đã chuyển ngôn ngữ thành công
2025-01-13 14:16:14 - EVKeyboardSwitcher - DEBUG - Phím được nhấn: right shift, Scan code: 54
2025-01-13 14:16:15 - EVKeyboardSwitcher - DEBUG - Đã cập nhật icon sang trạng thái: bình thường
2025-01-13 14:16:15 - EVKeyboardSwitcher - DEBUG - Đã thả phím Right Shift, reset trạng thái
2025-01-13 14:16:15 - EVKeyboardSwitcher - DEBUG - Phím được nhấn: right shift, Scan code: 54
2025-01-13 14:16:15 - EVKeyboardSwitcher - DEBUG - Đã phát hiện phím Right Shift được nhấn
2025-01-13 14:16:15 - EVKeyboardSwitcher - DEBUG - Đã cập nhật icon sang trạng thái: đang chuyển
2025-01-13 14:16:15 - EVKeyboardSwitcher - DEBUG - Bắt đầu chuyển ngôn ngữ
2025-01-13 14:16:15 - EVKeyboardSwitcher - DEBUG - Đã nhấn Control + Left Shift
2025-01-13 14:16:15 - EVKeyboardSwitcher - DEBUG - Đã chuyển ngôn ngữ thành công
2025-01-13 14:16:15 - EVKeyboardSwitcher - DEBUG - Phím được nhấn: right shift, Scan code: 54
2025-01-13 14:16:15 - EVKeyboardSwitcher - DEBUG - Phím được nhấn: right shift, Scan code: 54
2025-01-13 14:16:16 - EVKeyboardSwitcher - DEBUG - Đã cập nhật icon sang trạng thái: bình thường
2025-01-13 14:16:16 - EVKeyboardSwitcher - DEBUG - Đã thả phím Right Shift, reset trạng thái
2025-01-13 14:16:16 - EVKeyboardSwitcher - DEBUG - Phím được nhấn: right shift, Scan code: 54
2025-01-13 14:16:16 - EVKeyboardSwitcher - DEBUG - Đã phát hiện phím Right Shift được nhấn
2025-01-13 14:16:16 - EVKeyboardSwitcher - DEBUG - Đã cập nhật icon sang trạng thái: đang chuyển
2025-01-13 14:16:16 - EVKeyboardSwitcher - DEBUG - Bắt đầu chuyển ngôn ngữ
2025-01-13 14:16:16 - EVKeyboardSwitcher - DEBUG - Đã nhấn Control + Left Shift
2025-01-13 14:16:16 - EVKeyboardSwitcher - DEBUG - Đã chuyển ngôn ngữ thành công
2025-01-13 14:16:16 - EVKeyboardSwitcher - DEBUG - Phím được nhấn: right shift, Scan code: 54
2025-01-13 14:16:17 - EVKeyboardSwitcher - DEBUG - Đã cập nhật icon sang trạng thái: bình thường
2025-01-13 14:16:17 - EVKeyboardSwitcher - DEBUG - Đã thả phím Right Shift, reset trạng thái
2025-01-13 14:16:18 - EVKeyboardSwitcher - DEBUG - Phím được nhấn: right shift, Scan code: 54
2025-01-13 14:16:18 - EVKeyboardSwitcher - DEBUG - Đã phát hiện phím Right Shift được nhấn
2025-01-13 14:16:18 - EVKeyboardSwitcher - DEBUG - Đã cập nhật icon sang trạng thái: đang chuyển
2025-01-13 14:16:18 - EVKeyboardSwitcher - DEBUG - Bắt đầu chuyển ngôn ngữ
2025-01-13 14:16:18 - EVKeyboardSwitcher - DEBUG - Đã nhấn Control + Left Shift
2025-01-13 14:16:18 - EVKeyboardSwitcher - DEBUG - Đã chuyển ngôn ngữ thành công
2025-01-13 14:16:18 - EVKeyboardSwitcher - DEBUG - Phím được nhấn: right shift, Scan code: 54
2025-01-13 14:16:19 - EVKeyboardSwitcher - DEBUG - Đã cập nhật icon sang trạng thái: bình thường
2025-01-13 14:16:19 - EVKeyboardSwitcher - DEBUG - Đã thả phím Right Shift, reset trạng thái
2025-01-13 14:16:20 - EVKeyboardSwitcher - DEBUG - Phím được nhấn: right shift, Scan code: 54
2025-01-13 14:16:20 - EVKeyboardSwitcher - DEBUG - Đã phát hiện phím Right Shift được nhấn
2025-01-13 14:16:20 - EVKeyboardSwitcher - DEBUG - Đã cập nhật icon sang trạng thái: đang chuyển
2025-01-13 14:16:20 - EVKeyboardSwitcher - DEBUG - Bắt đầu chuyển ngôn ngữ
2025-01-13 14:16:20 - EVKeyboardSwitcher - DEBUG - Đã nhấn Control + Left Shift
2025-01-13 14:16:21 - EVKeyboardSwitcher - DEBUG - Đã chuyển ngôn ngữ thành công
2025-01-13 14:16:21 - EVKeyboardSwitcher - DEBUG - Phím được nhấn: right shift, Scan code: 54
2025-01-13 14:16:21 - EVKeyboardSwitcher - DEBUG - Đã cập nhật icon sang trạng thái: bình thường
2025-01-13 14:16:21 - EVKeyboardSwitcher - DEBUG - Đã thả phím Right Shift, reset trạng thái
2025-01-13 14:16:21 - EVKeyboardSwitcher - DEBUG - Phím được nhấn: right shift, Scan code: 54
2025-01-13 14:16:21 - EVKeyboardSwitcher - DEBUG - Đã phát hiện phím Right Shift được nhấn
2025-01-13 14:16:22 - EVKeyboardSwitcher - DEBUG - Đã cập nhật icon sang trạng thái: đang chuyển
2025-01-13 14:16:22 - EVKeyboardSwitcher - DEBUG - Bắt đầu chuyển ngôn ngữ
2025-01-13 14:16:22 - EVKeyboardSwitcher - DEBUG - Đã nhấn Control + Left Shift
2025-01-13 14:16:22 - EVKeyboardSwitcher - DEBUG - Đã chuyển ngôn ngữ thành công
2025-01-13 14:16:22 - EVKeyboardSwitcher - DEBUG - Phím được nhấn: right shift, Scan code: 54
2025-01-13 14:16:22 - EVKeyboardSwitcher - DEBUG - Đã cập nhật icon sang trạng thái: bình thường
2025-01-13 14:16:22 - EVKeyboardSwitcher - DEBUG - Đã thả phím Right Shift, reset trạng thái
2025-01-13 14:16:22 - EVKeyboardSwitcher - DEBUG - Phím được nhấn: right shift, Scan code: 54
2025-01-13 14:16:22 - EVKeyboardSwitcher - DEBUG - Đã phát hiện phím Right Shift được nhấn
2025-01-13 14:16:22 - EVKeyboardSwitcher - DEBUG - Đã cập nhật icon sang trạng thái: đang chuyển
2025-01-13 14:16:22 - EVKeyboardSwitcher - DEBUG - Bắt đầu chuyển ngôn ngữ
2025-01-13 14:16:22 - EVKeyboardSwitcher - DEBUG - Đã nhấn Control + Left Shift
2025-01-13 14:16:23 - EVKeyboardSwitcher - DEBUG - Đã chuyển ngôn ngữ thành công
2025-01-13 14:16:23 - EVKeyboardSwitcher - DEBUG - Phím được nhấn: right shift, Scan code: 54
2025-01-13 14:16:23 - EVKeyboardSwitcher - DEBUG - Đã cập nhật icon sang trạng thái: bình thường
2025-01-13 14:16:23 - EVKeyboardSwitcher - DEBUG - Đã thả phím Right Shift, reset trạng thái
2025-01-13 14:16:24 - EVKeyboardSwitcher - DEBUG - Phím được nhấn: right shift, Scan code: 54
2025-01-13 14:16:24 - EVKeyboardSwitcher - DEBUG - Đã phát hiện phím Right Shift được nhấn
2025-01-13 14:16:24 - EVKeyboardSwitcher - DEBUG - Đã cập nhật icon sang trạng thái: đang chuyển
2025-01-13 14:16:24 - EVKeyboardSwitcher - DEBUG - Bắt đầu chuyển ngôn ngữ
2025-01-13 14:16:24 - EVKeyboardSwitcher - DEBUG - Đã nhấn Control + Left Shift
2025-01-13 14:16:25 - EVKeyboardSwitcher - DEBUG - Đã chuyển ngôn ngữ thành công
2025-01-13 14:16:25 - EVKeyboardSwitcher - DEBUG - Phím được nhấn: right shift, Scan code: 54
2025-01-13 14:16:25 - EVKeyboardSwitcher - DEBUG - Đã cập nhật icon sang trạng thái: bình thường
2025-01-13 14:16:25 - EVKeyboardSwitcher - DEBUG - Đã thả phím Right Shift, reset trạng thái
2025-01-13 14:16:25 - EVKeyboardSwitcher - DEBUG - Phím được nhấn: right shift, Scan code: 54
2025-01-13 14:16:25 - EVKeyboardSwitcher - DEBUG - Đã phát hiện phím Right Shift được nhấn
2025-01-13 14:16:25 - EVKeyboardSwitcher - DEBUG - Đã cập nhật icon sang trạng thái: đang chuyển
2025-01-13 14:16:25 - EVKeyboardSwitcher - DEBUG - Bắt đầu chuyển ngôn ngữ
2025-01-13 14:16:25 - EVKeyboardSwitcher - DEBUG - Đã nhấn Control + Left Shift
2025-01-13 14:16:26 - EVKeyboardSwitcher - DEBUG - Đã chuyển ngôn ngữ thành công
2025-01-13 14:16:26 - EVKeyboardSwitcher - DEBUG - Phím được nhấn: right shift, Scan code: 54
2025-01-13 14:16:26 - EVKeyboardSwitcher - DEBUG - Đã cập nhật icon sang trạng thái: bình thường
2025-01-13 14:16:26 - EVKeyboardSwitcher - DEBUG - Đã thả phím Right Shift, reset trạng thái
2025-01-13 14:16:26 - EVKeyboardSwitcher - DEBUG - Phím được nhấn: right shift, Scan code: 54
2025-01-13 14:16:26 - EVKeyboardSwitcher - DEBUG - Đã phát hiện phím Right Shift được nhấn
2025-01-13 14:16:26 - EVKeyboardSwitcher - DEBUG - Đã cập nhật icon sang trạng thái: đang chuyển
2025-01-13 14:16:26 - EVKeyboardSwitcher - DEBUG - Bắt đầu chuyển ngôn ngữ
2025-01-13 14:16:26 - EVKeyboardSwitcher - DEBUG - Đã nhấn Control + Left Shift
2025-01-13 14:16:27 - EVKeyboardSwitcher - DEBUG - Đã chuyển ngôn ngữ thành công
2025-01-13 14:16:27 - EVKeyboardSwitcher - DEBUG - Phím được nhấn: right shift, Scan code: 54
2025-01-13 14:16:27 - EVKeyboardSwitcher - DEBUG - Phím được nhấn: right shift, Scan code: 54
2025-01-13 14:16:27 - EVKeyboardSwitcher - DEBUG - Đã cập nhật icon sang trạng thái: bình thường
2025-01-13 14:16:27 - EVKeyboardSwitcher - DEBUG - Đã thả phím Right Shift, reset trạng thái
2025-01-13 14:16:27 - EVKeyboardSwitcher - DEBUG - Phím được nhấn: right shift, Scan code: 54
2025-01-13 14:16:27 - EVKeyboardSwitcher - DEBUG - Đã phát hiện phím Right Shift được nhấn
2025-01-13 14:16:27 - EVKeyboardSwitcher - DEBUG - Đã cập nhật icon sang trạng thái: đang chuyển
2025-01-13 14:16:27 - EVKeyboardSwitcher - DEBUG - Bắt đầu chuyển ngôn ngữ
2025-01-13 14:16:27 - EVKeyboardSwitcher - DEBUG - Đã nhấn Control + Left Shift
2025-01-13 14:16:28 - EVKeyboardSwitcher - DEBUG - Đã chuyển ngôn ngữ thành công
2025-01-13 14:16:28 - EVKeyboardSwitcher - DEBUG - Phím được nhấn: right shift, Scan code: 54
2025-01-13 14:16:28 - EVKeyboardSwitcher - DEBUG - Đã cập nhật icon sang trạng thái: bình thường
2025-01-13 14:16:28 - EVKeyboardSwitcher - DEBUG - Đã thả phím Right Shift, reset trạng thái
2025-01-13 14:16:28 - EVKeyboardSwitcher - DEBUG - Phím được nhấn: right shift, Scan code: 54
2025-01-13 14:16:28 - EVKeyboardSwitcher - DEBUG - Đã phát hiện phím Right Shift được nhấn
2025-01-13 14:16:28 - EVKeyboardSwitcher - DEBUG - Đã cập nhật icon sang trạng thái: đang chuyển
2025-01-13 14:16:28 - EVKeyboardSwitcher - DEBUG - Bắt đầu chuyển ngôn ngữ
2025-01-13 14:16:28 - EVKeyboardSwitcher - DEBUG - Đã nhấn Control + Left Shift
2025-01-13 14:16:29 - EVKeyboardSwitcher - DEBUG - Đã chuyển ngôn ngữ thành công
2025-01-13 14:16:29 - EVKeyboardSwitcher - DEBUG - Phím được nhấn: right shift, Scan code: 54
2025-01-13 14:16:29 - EVKeyboardSwitcher - DEBUG - Đã cập nhật icon sang trạng thái: bình thường
2025-01-13 14:16:29 - EVKeyboardSwitcher - DEBUG - Đã thả phím Right Shift, reset trạng thái
2025-01-13 14:16:32 - EVKeyboardSwitcher - DEBUG - Phím được nhấn: right shift, Scan code: 54
2025-01-13 14:16:32 - EVKeyboardSwitcher - DEBUG - Đã phát hiện phím Right Shift được nhấn
2025-01-13 14:16:32 - EVKeyboardSwitcher - DEBUG - Đã cập nhật icon sang trạng thái: đang chuyển
2025-01-13 14:16:32 - EVKeyboardSwitcher - DEBUG - Bắt đầu chuyển ngôn ngữ
2025-01-13 14:16:32 - EVKeyboardSwitcher - DEBUG - Đã nhấn Control + Left Shift
2025-01-13 14:16:32 - EVKeyboardSwitcher - DEBUG - Đã chuyển ngôn ngữ thành công
2025-01-13 14:16:32 - EVKeyboardSwitcher - DEBUG - Phím được nhấn: right shift, Scan code: 54
2025-01-13 14:16:33 - EVKeyboardSwitcher - DEBUG - Đã cập nhật icon sang trạng thái: bình thường
2025-01-13 14:16:33 - EVKeyboardSwitcher - DEBUG - Đã thả phím Right Shift, reset trạng thái
2025-01-13 14:16:33 - EVKeyboardSwitcher - DEBUG - Phím được nhấn: right shift, Scan code: 54
2025-01-13 14:16:33 - EVKeyboardSwitcher - DEBUG - Đã phát hiện phím Right Shift được nhấn
2025-01-13 14:16:34 - EVKeyboardSwitcher - DEBUG - Đã cập nhật icon sang trạng thái: đang chuyển
2025-01-13 14:16:34 - EVKeyboardSwitcher - DEBUG - Bắt đầu chuyển ngôn ngữ
2025-01-13 14:16:34 - EVKeyboardSwitcher - DEBUG - Đã nhấn Control + Left Shift
2025-01-13 14:16:34 - EVKeyboardSwitcher - DEBUG - Đã chuyển ngôn ngữ thành công
2025-01-13 14:16:34 - EVKeyboardSwitcher - DEBUG - Phím được nhấn: right shift, Scan code: 54
2025-01-13 14:16:34 - EVKeyboardSwitcher - DEBUG - Đã cập nhật icon sang trạng thái: bình thường
2025-01-13 14:16:34 - EVKeyboardSwitcher - DEBUG - Đã thả phím Right Shift, reset trạng thái
2025-01-13 14:16:35 - EVKeyboardSwitcher - DEBUG - Phím được nhấn: right shift, Scan code: 54
2025-01-13 14:16:35 - EVKeyboardSwitcher - DEBUG - Đã phát hiện phím Right Shift được nhấn
2025-01-13 14:16:35 - EVKeyboardSwitcher - DEBUG - Đã cập nhật icon sang trạng thái: đang chuyển
2025-01-13 14:16:35 - EVKeyboardSwitcher - DEBUG - Bắt đầu chuyển ngôn ngữ
2025-01-13 14:16:35 - EVKeyboardSwitcher - DEBUG - Đã nhấn Control + Left Shift
2025-01-13 14:16:36 - EVKeyboardSwitcher - DEBUG - Đã chuyển ngôn ngữ thành công
2025-01-13 14:16:36 - EVKeyboardSwitcher - DEBUG - Phím được nhấn: right shift, Scan code: 54
2025-01-13 14:16:36 - EVKeyboardSwitcher - DEBUG - Đã cập nhật icon sang trạng thái: bình thường
2025-01-13 14:16:36 - EVKeyboardSwitcher - DEBUG - Đã thả phím Right Shift, reset trạng thái
2025-01-13 14:16:36 - EVKeyboardSwitcher - DEBUG - Phím được nhấn: right shift, Scan code: 54
2025-01-13 14:16:36 - EVKeyboardSwitcher - DEBUG - Đã phát hiện phím Right Shift được nhấn
2025-01-13 14:16:36 - EVKeyboardSwitcher - DEBUG - Đã cập nhật icon sang trạng thái: đang chuyển
2025-01-13 14:16:36 - EVKeyboardSwitcher - DEBUG - Bắt đầu chuyển ngôn ngữ
2025-01-13 14:16:36 - EVKeyboardSwitcher - DEBUG - Đã nhấn Control + Left Shift
2025-01-13 14:16:36 - EVKeyboardSwitcher - DEBUG - Đã chuyển ngôn ngữ thành công
2025-01-13 14:16:36 - EVKeyboardSwitcher - DEBUG - Phím được nhấn: right shift, Scan code: 54
2025-01-13 14:16:37 - EVKeyboardSwitcher - DEBUG - Đã cập nhật icon sang trạng thái: bình thường
2025-01-13 14:16:37 - EVKeyboardSwitcher - DEBUG - Đã thả phím Right Shift, reset trạng thái
2025-01-13 14:16:37 - EVKeyboardSwitcher - DEBUG - Phím được nhấn: right shift, Scan code: 54
2025-01-13 14:16:37 - EVKeyboardSwitcher - DEBUG - Đã phát hiện phím Right Shift được nhấn
2025-01-13 14:16:37 - EVKeyboardSwitcher - DEBUG - Đã cập nhật icon sang trạng thái: đang chuyển
2025-01-13 14:16:37 - EVKeyboardSwitcher - DEBUG - Bắt đầu chuyển ngôn ngữ
2025-01-13 14:16:37 - EVKeyboardSwitcher - DEBUG - Đã nhấn Control + Left Shift
2025-01-13 14:16:38 - EVKeyboardSwitcher - DEBUG - Đã chuyển ngôn ngữ thành công
2025-01-13 14:16:38 - EVKeyboardSwitcher - DEBUG - Phím được nhấn: right shift, Scan code: 54
2025-01-13 14:16:38 - EVKeyboardSwitcher - DEBUG - Đã cập nhật icon sang trạng thái: bình thường
2025-01-13 14:16:38 - EVKeyboardSwitcher - DEBUG - Đã thả phím Right Shift, reset trạng thái
2025-01-13 14:16:38 - EVKeyboardSwitcher - DEBUG - Phím được nhấn: right shift, Scan code: 54
2025-01-13 14:16:38 - EVKeyboardSwitcher - DEBUG - Đã phát hiện phím Right Shift được nhấn
2025-01-13 14:16:38 - EVKeyboardSwitcher - DEBUG - Đã cập nhật icon sang trạng thái: đang chuyển
2025-01-13 14:16:38 - EVKeyboardSwitcher - DEBUG - Bắt đầu chuyển ngôn ngữ
2025-01-13 14:16:38 - EVKeyboardSwitcher - DEBUG - Đã nhấn Control + Left Shift
2025-01-13 14:16:38 - EVKeyboardSwitcher - DEBUG - Đã chuyển ngôn ngữ thành công
2025-01-13 14:16:38 - EVKeyboardSwitcher - DEBUG - Phím được nhấn: right shift, Scan code: 54
2025-01-13 14:16:39 - EVKeyboardSwitcher - DEBUG - Đã cập nhật icon sang trạng thái: bình thường
2025-01-13 14:16:39 - EVKeyboardSwitcher - DEBUG - Đã thả phím Right Shift, reset trạng thái
2025-01-13 14:16:39 - EVKeyboardSwitcher - DEBUG - Phím được nhấn: right shift, Scan code: 54
2025-01-13 14:16:39 - EVKeyboardSwitcher - DEBUG - Đã phát hiện phím Right Shift được nhấn
2025-01-13 14:16:39 - EVKeyboardSwitcher - DEBUG - Đã cập nhật icon sang trạng thái: đang chuyển
2025-01-13 14:16:39 - EVKeyboardSwitcher - DEBUG - Bắt đầu chuyển ngôn ngữ
2025-01-13 14:16:39 - EVKeyboardSwitcher - DEBUG - Đã nhấn Control + Left Shift
2025-01-13 14:16:40 - EVKeyboardSwitcher - DEBUG - Đã chuyển ngôn ngữ thành công
2025-01-13 14:16:40 - EVKeyboardSwitcher - DEBUG - Phím được nhấn: right shift, Scan code: 54
2025-01-13 14:16:40 - EVKeyboardSwitcher - DEBUG - Đã cập nhật icon sang trạng thái: bình thường
2025-01-13 14:16:40 - EVKeyboardSwitcher - DEBUG - Đã thả phím Right Shift, reset trạng thái
2025-01-13 14:16:41 - EVKeyboardSwitcher - DEBUG - Phím được nhấn: right shift, Scan code: 54
2025-01-13 14:16:41 - EVKeyboardSwitcher - DEBUG - Đã phát hiện phím Right Shift được nhấn
2025-01-13 14:16:41 - EVKeyboardSwitcher - DEBUG - Đã cập nhật icon sang trạng thái: đang chuyển
2025-01-13 14:16:41 - EVKeyboardSwitcher - DEBUG - Bắt đầu chuyển ngôn ngữ
2025-01-13 14:16:41 - EVKeyboardSwitcher - DEBUG - Đã nhấn Control + Left Shift
2025-01-13 14:16:41 - EVKeyboardSwitcher - DEBUG - Đã chuyển ngôn ngữ thành công
2025-01-13 14:16:41 - EVKeyboardSwitcher - DEBUG - Phím được nhấn: right shift, Scan code: 54
2025-01-13 14:16:42 - EVKeyboardSwitcher - DEBUG - Đã cập nhật icon sang trạng thái: bình thường
2025-01-13 14:16:42 - EVKeyboardSwitcher - DEBUG - Đã thả phím Right Shift, reset trạng thái
2025-01-13 14:16:42 - EVKeyboardSwitcher - DEBUG - Phím được nhấn: right shift, Scan code: 54
2025-01-13 14:16:42 - EVKeyboardSwitcher - DEBUG - Đã phát hiện phím Right Shift được nhấn
2025-01-13 14:16:42 - EVKeyboardSwitcher - DEBUG - Đã cập nhật icon sang trạng thái: đang chuyển
2025-01-13 14:16:42 - EVKeyboardSwitcher - DEBUG - Bắt đầu chuyển ngôn ngữ
2025-01-13 14:16:42 - EVKeyboardSwitcher - DEBUG - Đã nhấn Control + Left Shift
2025-01-13 14:16:43 - EVKeyboardSwitcher - DEBUG - Đã chuyển ngôn ngữ thành công
2025-01-13 14:16:43 - EVKeyboardSwitcher - DEBUG - Phím được nhấn: right shift, Scan code: 54
2025-01-13 14:16:43 - EVKeyboardSwitcher - DEBUG - Đã cập nhật icon sang trạng thái: bình thường
2025-01-13 14:16:43 - EVKeyboardSwitcher - DEBUG - Đã thả phím Right Shift, reset trạng thái
2025-01-13 14:16:44 - EVKeyboardSwitcher - DEBUG - Phím được nhấn: right shift, Scan code: 54
2025-01-13 14:16:44 - EVKeyboardSwitcher - DEBUG - Đã phát hiện phím Right Shift được nhấn
2025-01-13 14:16:44 - EVKeyboardSwitcher - DEBUG - Đã cập nhật icon sang trạng thái: đang chuyển
2025-01-13 14:16:44 - EVKeyboardSwitcher - DEBUG - Bắt đầu chuyển ngôn ngữ
2025-01-13 14:16:44 - EVKeyboardSwitcher - DEBUG - Đã nhấn Control + Left Shift
2025-01-13 14:16:44 - EVKeyboardSwitcher - DEBUG - Đã chuyển ngôn ngữ thành công
2025-01-13 14:16:44 - EVKeyboardSwitcher - DEBUG - Phím được nhấn: right shift, Scan code: 54
2025-01-13 14:16:45 - EVKeyboardSwitcher - DEBUG - Đã cập nhật icon sang trạng thái: bình thường
2025-01-13 14:16:45 - EVKeyboardSwitcher - DEBUG - Đã thả phím Right Shift, reset trạng thái
2025-01-13 14:16:45 - EVKeyboardSwitcher - DEBUG - Phím được nhấn: right shift, Scan code: 54
2025-01-13 14:16:45 - EVKeyboardSwitcher - DEBUG - Đã phát hiện phím Right Shift được nhấn
2025-01-13 14:16:45 - EVKeyboardSwitcher - DEBUG - Đã cập nhật icon sang trạng thái: đang chuyển
2025-01-13 14:16:45 - EVKeyboardSwitcher - DEBUG - Bắt đầu chuyển ngôn ngữ
2025-01-13 14:16:45 - EVKeyboardSwitcher - DEBUG - Đã nhấn Control + Left Shift
2025-01-13 14:16:45 - EVKeyboardSwitcher - DEBUG - Đã chuyển ngôn ngữ thành công
2025-01-13 14:16:45 - EVKeyboardSwitcher - DEBUG - Phím được nhấn: right shift, Scan code: 54
2025-01-13 14:16:45 - EVKeyboardSwitcher - DEBUG - Đã cập nhật icon sang trạng thái: bình thường
2025-01-13 14:16:45 - EVKeyboardSwitcher - DEBUG - Đã thả phím Right Shift, reset trạng thái
2025-01-13 14:17:24 - EVKeyboardSwitcher - INFO - Logger được khởi tạo
2025-01-13 14:17:24 - EVKeyboardSwitcher - INFO - Khởi động chương trình...
2025-01-13 14:17:25 - EVKeyboardSwitcher - INFO - Đã thiết lập keyboard handler thành công
2025-01-13 14:17:25 - EVKeyboardSwitcher - INFO - Đã tạo system tray icon thành công
2025-01-13 14:32:52 - EVKeyboardSwitcher - INFO - Logger được khởi tạo
2025-01-13 14:32:52 - EVKeyboardSwitcher - INFO - Khởi động chương trình...
2025-01-13 14:32:53 - EVKeyboardSwitcher - INFO - Đã thiết lập keyboard handler thành công
2025-01-13 14:32:53 - EVKeyboardSwitcher - INFO - Đã tạo system tray icon thành công
